<?xml version="1.0" encoding="UTF-8"?>
<testsuite xmlns:xsi="http://www.w3.org/2001/XMLSchema-instance" xsi:noNamespaceSchemaLocation="https://maven.apache.org/surefire/maven-surefire-plugin/xsd/surefire-test-report.xsd" name="com.Automation.dummyAut.TestCase" time="27.376" tests="2" errors="0" skipped="0" failures="0">
  <properties>
[...]
</properties>
  <testcase name="Test1" classname="com.Automation.dummyAut.TestCase" time="4.5"/>
  <testcase name="Test2" classname="com.Automation.dummyAut.TestCase" time="5.21"/>
</testsuite>