<?xml version="1.0" encoding="UTF-8"?>
<testng-results skipped="0" failed="0" ignored="0" total="2" passed="2">
  <reporter-output>
  </reporter-output>
  <suite name="Suite" duration-ms="17124" started-at="2019-08-07T15:53:07Z" finished-at="2019-08-07T15:53:24Z">
    <groups>
    </groups>
    <test name="Test" duration-ms="17124" started-at="2019-08-07T15:53:07Z" finished-at="2019-08-07T15:53:24Z">
      <class name="com.Automation.dummyAut.TestCase">
        <test-method status="PASS" signature="launchBrowser()[pri:0, instance:com.Automation.dummyAut.TestCase@2b98378d]" name="launchBrowser" is-config="true" duration-ms="3462" started-at="2019-08-07T21:23:07Z" finished-at="2019-08-07T21:23:10Z">
          <reporter-output>
          </reporter-output>
        </test-method> <!-- launchBrowser -->
        <test-method status="PASS" signature="Test1()[pri:0, instance:com.Automation.dummyAut.TestCase@2b98378d]" name="Test1" duration-ms="3337" started-at="2019-08-07T21:23:10Z" finished-at="2019-08-07T21:23:13Z">
          <reporter-output>
          </reporter-output>
        </test-method> <!-- Test1 -->
        <test-method status="PASS" signature="Close()[pri:0, instance:com.Automation.dummyAut.TestCase@2b98378d]" name="Close" is-config="true" duration-ms="2118" started-at="2019-08-07T21:23:13Z" finished-at="2019-08-07T21:23:15Z">
          <reporter-output>
          </reporter-output>
        </test-method> <!-- Close -->
        <test-method status="PASS" signature="launchBrowser()[pri:0, instance:com.Automation.dummyAut.TestCase@2b98378d]" name="launchBrowser" is-config="true" duration-ms="2517" started-at="2019-08-07T21:23:15Z" finished-at="2019-08-07T21:23:18Z">
          <reporter-output>
          </reporter-output>
        </test-method> <!-- launchBrowser -->
        <test-method status="PASS" signature="Test2()[pri:0, instance:com.Automation.dummyAut.TestCase@2b98378d]" name="Test2" duration-ms="3502" started-at="2019-08-07T21:23:18Z" finished-at="2019-08-07T21:23:22Z">
          <reporter-output>
          </reporter-output>
        </test-method> <!-- Test2 -->
        <test-method status="PASS" signature="Close()[pri:0, instance:com.Automation.dummyAut.TestCase@2b98378d]" name="Close" is-config="true" duration-ms="2115" started-at="2019-08-07T21:23:22Z" finished-at="2019-08-07T21:23:24Z">
          <reporter-output>
          </reporter-output>
        </test-method> <!-- Close -->
      </class> <!-- com.Automation.dummyAut.TestCase -->
    </test> <!-- Test -->
  </suite> <!-- Suite -->
</testng-results>
